Nov 14, 2013 10:20:45 PM org.apache.catalina.core.AprLifecycleListener init
INFO: The APR based Apache Tomcat Native library which allows optimal performance in production environments was not found on the java.library.path: /usr/java/packages/lib/amd64:/usr/lib64:/lib64:/lib:/usr/lib
Nov 14, 2013 10:20:47 PM org.apache.coyote.AbstractProtocol init
INFO: Initializing ProtocolHandler ["http-bio-8080"]
Nov 14, 2013 10:20:47 PM org.apache.coyote.AbstractProtocol init
INFO: Initializing ProtocolHandler ["ajp-bio-8009"]
Nov 14, 2013 10:20:47 PM org.apache.catalina.startup.Catalina load
INFO: Initialization processed in 2931 ms
Nov 14, 2013 10:20:47 PM org.apache.catalina.core.StandardService startInternal
INFO: Starting service Catalina
Nov 14, 2013 10:20:47 PM org.apache.catalina.core.StandardEngine startInternal
INFO: Starting Servlet Engine: Apache Tomcat/@VERSION@
Nov 14, 2013 10:20:47 PM org.apache.catalina.startup.HostConfig deployDirectory
INFO: Deploying web application directory /home/spencer/workspace/Tomcat/catalina-home/webapps/examples
Nov 14, 2013 10:20:53 PM org.apache.catalina.startup.HostConfig deployDirectory
INFO: Deploying web application directory /home/spencer/workspace/Tomcat/catalina-home/webapps/ROOT
Nov 14, 2013 10:20:53 PM org.apache.catalina.startup.HostConfig deployDirectory
INFO: Deploying web application directory /home/spencer/workspace/Tomcat/catalina-home/webapps/manager
Nov 14, 2013 10:20:53 PM org.apache.catalina.startup.HostConfig deployDirectory
INFO: Deploying web application directory /home/spencer/workspace/Tomcat/catalina-home/webapps/docs
Nov 14, 2013 10:20:54 PM org.apache.catalina.startup.HostConfig deployDirectory
INFO: Deploying web application directory /home/spencer/workspace/Tomcat/catalina-home/webapps/host-manager
Nov 14, 2013 10:20:55 PM org.apache.coyote.AbstractProtocol start
INFO: Starting ProtocolHandler ["http-bio-8080"]
Nov 14, 2013 10:20:55 PM org.apache.coyote.AbstractProtocol start
INFO: Starting ProtocolHandler ["ajp-bio-8009"]
Nov 14, 2013 10:20:55 PM org.apache.catalina.startup.Catalina start
INFO: Server startup in 7824 ms
